<?xml version="1.0" encoding="UTF-8"?>
<testsuite name="YamlSerializerTest" tests="1" skipped="0" failures="0" errors="0" timestamp="2018-11-14T19:38:20" hostname="Gibrans-MacBook-Pro.local" time="0.0">
  <properties/>
  <testcase name="should be test serialize" classname="YamlSerializerTest" time="0.0"/>
  <system-out><![CDATA[]]></system-out>
  <system-err><![CDATA[]]></system-err>
</testsuite>
